2018-08-07 16:51:35,825  INFO Dispatcher:47 - INIT DISPATCHER
2018-08-07 16:51:40,879  INFO Dispatcher:34 - Operator C->2018-08-07T21:51:35.853Z->2018-08-07T21:51:40.879Z->Thread-1 1->5
2018-08-07 16:51:41,857  INFO Dispatcher:34 - Supervisor C->2018-08-07T21:51:35.853Z->2018-08-07T21:51:41.857Z->Thread-1 9->6
2018-08-07 16:51:41,857  INFO Dispatcher:34 - Operator B->2018-08-07T21:51:35.853Z->2018-08-07T21:51:41.857Z->Thread-2 3->6
2018-08-07 16:51:43,859  INFO Dispatcher:34 - Director A->2018-08-07T21:51:35.854Z->2018-08-07T21:51:43.859Z->Thread-1 10->8
2018-08-07 16:51:44,857  INFO Dispatcher:34 - Operator E->2018-08-07T21:51:35.854Z->2018-08-07T21:51:44.857Z->Thread-1 6->9
2018-08-07 16:51:44,857  INFO Dispatcher:34 - Supervisor A->2018-08-07T21:51:35.853Z->2018-08-07T21:51:44.857Z->Thread-1 7->9
2018-08-07 16:51:44,857  INFO Dispatcher:34 - Operator D->2018-08-07T21:51:35.854Z->2018-08-07T21:51:44.857Z->Thread-1 5->9
2018-08-07 16:51:44,857  INFO Dispatcher:34 - Supervisor B->2018-08-07T21:51:35.853Z->2018-08-07T21:51:44.857Z->Thread-1 8->9
2018-08-07 16:51:45,856  INFO Dispatcher:34 - Director B->2018-08-07T21:51:35.853Z->2018-08-07T21:51:45.856Z->Thread-1 11->10
2018-08-07 16:51:45,856  INFO Dispatcher:34 - Operator A->2018-08-07T21:51:35.854Z->2018-08-07T21:51:45.856Z->Thread-2 2->10
2018-08-07 16:51:49,858  INFO Dispatcher:34 - Operator D->2018-08-07T21:51:44.858Z->2018-08-07T21:51:49.858Z->Thread-2 16->5
2018-08-07 16:51:49,881  INFO Dispatcher:34 - Operator LEO->2018-08-07T21:51:40.879Z->2018-08-07T21:51:49.881Z->Thread-1 12->9
2018-08-07 16:51:50,859  INFO Dispatcher:34 - Supervisor A->2018-08-07T21:51:44.858Z->2018-08-07T21:51:50.859Z->Thread-2 18->6
2018-08-07 16:51:50,859  INFO Dispatcher:34 - Operator E->2018-08-07T21:51:44.858Z->2018-08-07T21:51:50.859Z->Thread-2 17->6
2018-08-07 16:51:50,859  INFO Dispatcher:34 - Operator B->2018-08-07T21:51:43.859Z->2018-08-07T21:51:50.859Z->Thread-2 14->7
2018-08-07 16:51:50,879  INFO Dispatcher:34 - Operator C->2018-08-07T21:51:41.876Z->2018-08-07T21:51:50.879Z->Thread-1 13->9
2018-08-07 16:51:51,879  INFO Dispatcher:34 - Supervisor C->2018-08-07T21:51:41.876Z->2018-08-07T21:51:51.879Z->Thread-2 4->10
2018-08-07 16:51:53,857  INFO Dispatcher:34 - Director A->2018-08-07T21:51:44.857Z->2018-08-07T21:51:53.857Z->Thread-2 15->9
2018-08-07 16:51:54,859  INFO Dispatcher:34 - Director B->2018-08-07T21:51:45.857Z->2018-08-07T21:51:54.859Z->Thread-2 20->9
2018-08-07 16:51:55,857  INFO Dispatcher:34 - Supervisor B->2018-08-07T21:51:45.856Z->2018-08-07T21:51:55.857Z->Thread-2 19->10
2018-08-07 16:51:55,863  INFO Dispatcher:34 - Supervisor A->2018-08-07T21:51:50.860Z->2018-08-07T21:51:55.863Z->Thread-13 24->5
2018-08-07 16:51:55,883  INFO Dispatcher:34 - Operator B->2018-08-07T21:51:50.879Z->2018-08-07T21:51:55.883Z->Thread-13 26->5
2018-08-07 16:51:56,860  INFO Dispatcher:34 - Operator LEO->2018-08-07T21:51:50.860Z->2018-08-07T21:51:56.860Z->Thread-13 23->6
2018-08-07 16:51:58,861  INFO Dispatcher:34 - Supervisor C->2018-08-07T21:51:53.858Z->2018-08-07T21:51:58.861Z->Thread-13 28->5
2018-08-07 16:51:59,862  INFO Dispatcher:34 - Operator A->2018-08-07T21:51:49.858Z->2018-08-07T21:51:59.862Z->Thread-13 21->10
2018-08-07 16:51:59,864  INFO Dispatcher:34 - Director A->2018-08-07T21:51:54.859Z->2018-08-07T21:51:59.864Z->Thread-13 29->5
2018-08-07 16:51:59,865  INFO Dispatcher:34 - Operator E->2018-08-07T21:51:50.862Z->2018-08-07T21:51:59.865Z->Thread-13 25->9
2018-08-07 16:51:59,884  INFO Dispatcher:34 - Operator D->2018-08-07T21:51:49.881Z->2018-08-07T21:51:59.884Z->Thread-13 22->10
2018-08-07 16:52:01,879  INFO Dispatcher:34 - Operator C->2018-08-07T21:51:51.879Z->2018-08-07T21:52:01.879Z->Thread-13 27->10
2018-08-07 16:52:05,862  INFO Dispatcher:34 - Director B->2018-08-07T21:51:55.857Z->2018-08-07T21:52:05.862Z->Thread-13 30->10
2018-08-07 16:52:26,459  INFO Dispatcher:47 - INIT DISPATCHER
2018-08-07 16:52:31,525  INFO Dispatcher:34 - Operator B->2018-08-07T21:52:26.499Z->2018-08-07T21:52:31.524Z->Thread-2 2->5
2018-08-07 16:52:32,503  INFO Dispatcher:34 - Operator D->2018-08-07T21:52:26.499Z->2018-08-07T21:52:32.503Z->Thread-2 5->6
2018-08-07 16:52:34,502  INFO Dispatcher:34 - Operator A->2018-08-07T21:52:26.498Z->2018-08-07T21:52:34.502Z->Thread-1 1->8
2018-08-07 16:52:34,502  INFO Dispatcher:34 - Supervisor C->2018-08-07T21:52:26.498Z->2018-08-07T21:52:34.502Z->Thread-1 9->8
2018-08-07 16:52:34,502  INFO Dispatcher:34 - Operator E->2018-08-07T21:52:26.498Z->2018-08-07T21:52:34.502Z->Thread-1 3->8
2018-08-07 16:52:34,502  INFO Dispatcher:34 - Director A->2018-08-07T21:52:26.498Z->2018-08-07T21:52:34.502Z->Thread-1 10->8
2018-08-07 16:52:34,502  INFO Dispatcher:34 - Supervisor A->2018-08-07T21:52:26.499Z->2018-08-07T21:52:34.502Z->Thread-1 7->8
2018-08-07 16:52:35,503  INFO Dispatcher:34 - Operator C->2018-08-07T21:52:26.499Z->2018-08-07T21:52:35.503Z->Thread-2 4->9
2018-08-07 16:52:36,504  INFO Dispatcher:34 - Supervisor B->2018-08-07T21:52:26.498Z->2018-08-07T21:52:36.504Z->Thread-1 8->10
2018-08-07 16:52:36,504  INFO Dispatcher:34 - Director B->2018-08-07T21:52:26.499Z->2018-08-07T21:52:36.504Z->Thread-1 11->10
2018-08-07 16:52:39,529  INFO Dispatcher:34 - Operator LEO->2018-08-07T21:52:31.525Z->2018-08-07T21:52:39.529Z->Thread-2 6->8
2018-08-07 16:52:40,503  INFO Dispatcher:34 - Operator D->2018-08-07T21:52:34.502Z->2018-08-07T21:52:40.503Z->Thread-1 12->6
2018-08-07 16:52:40,512  INFO Dispatcher:34 - Supervisor C->2018-08-07T21:52:34.502Z->2018-08-07T21:52:40.512Z->Thread-1 16->6
2018-08-07 16:52:41,505  INFO Dispatcher:34 - Operator E->2018-08-07T21:52:34.503Z->2018-08-07T21:52:41.504Z->Thread-2 14->7
2018-08-07 16:52:41,505  INFO Dispatcher:34 - Operator A->2018-08-07T21:52:34.502Z->2018-08-07T21:52:41.504Z->Thread-1 15->7
2018-08-07 16:52:41,507  INFO Dispatcher:34 - Operator C->2018-08-07T21:52:36.504Z->2018-08-07T21:52:41.507Z->Thread-2 19->5
2018-08-07 16:52:42,503  INFO Dispatcher:34 - Director A->2018-08-07T21:52:35.503Z->2018-08-07T21:52:42.503Z->Thread-2 18->7
2018-08-07 16:52:42,512  INFO Dispatcher:34 - Operator B->2018-08-07T21:52:32.508Z->2018-08-07T21:52:42.512Z->Thread-2 13->10
2018-08-07 16:52:43,507  INFO Dispatcher:34 - Supervisor A->2018-08-07T21:52:34.503Z->2018-08-07T21:52:43.507Z->Thread-2 17->9
2018-08-07 16:52:46,505  INFO Dispatcher:34 - Supervisor B->2018-08-07T21:52:36.504Z->2018-08-07T21:52:46.505Z->Thread-2 20->10
2018-08-07 16:52:46,508  INFO Dispatcher:34 - Operator A->2018-08-07T21:52:41.507Z->2018-08-07T21:52:46.508Z->Thread-13 26->5
2018-08-07 16:52:46,515  INFO Dispatcher:34 - Operator D->2018-08-07T21:52:40.513Z->2018-08-07T21:52:46.515Z->Thread-13 23->6
2018-08-07 16:52:47,507  INFO Dispatcher:34 - Operator LEO->2018-08-07T21:52:40.503Z->2018-08-07T21:52:47.507Z->Thread-13 22->7
2018-08-07 16:52:48,531  INFO Dispatcher:34 - Director B->2018-08-07T21:52:39.530Z->2018-08-07T21:52:48.531Z->Thread-13 21->9
2018-08-07 16:52:50,507  INFO Dispatcher:34 - Operator C->2018-08-07T21:52:42.504Z->2018-08-07T21:52:50.507Z->Thread-13 27->8
2018-08-07 16:52:50,508  INFO Dispatcher:34 - Supervisor C->2018-08-07T21:52:41.505Z->2018-08-07T21:52:50.508Z->Thread-13 24->9
2018-08-07 16:52:51,512  INFO Dispatcher:34 - Operator E->2018-08-07T21:52:41.507Z->2018-08-07T21:52:51.511Z->Thread-13 25->10
2018-08-07 16:52:52,512  INFO Dispatcher:34 - Operator B->2018-08-07T21:52:43.507Z->2018-08-07T21:52:52.512Z->Thread-13 29->9
2018-08-07 16:52:52,514  INFO Dispatcher:34 - Director A->2018-08-07T21:52:42.512Z->2018-08-07T21:52:52.514Z->Thread-13 28->10
2018-08-07 16:52:53,508  INFO Dispatcher:34 - Supervisor A->2018-08-07T21:52:46.506Z->2018-08-07T21:52:53.508Z->Thread-13 30->7
2018-08-07 16:53:25,109  INFO Dispatcher:47 - INIT DISPATCHER
2018-08-07 16:53:30,174  INFO Dispatcher:34 - Operator D->2018-08-07T21:53:25.135Z->2018-08-07T21:53:30.174Z->Thread-2 5->5
2018-08-07 16:53:31,137  INFO Dispatcher:34 - Operator C->2018-08-07T21:53:25.135Z->2018-08-07T21:53:31.137Z->Thread-2 4->6
2018-08-07 16:53:31,137  INFO Dispatcher:34 - Supervisor C->2018-08-07T21:53:25.136Z->2018-08-07T21:53:31.137Z->Thread-2 9->6
2018-08-07 16:53:32,141  INFO Dispatcher:34 - Supervisor A->2018-08-07T21:53:25.136Z->2018-08-07T21:53:32.141Z->Thread-2 7->7
2018-08-07 16:53:32,141  INFO Dispatcher:34 - Operator A->2018-08-07T21:53:25.135Z->2018-08-07T21:53:32.141Z->Thread-1 2->7
2018-08-07 16:53:33,141  INFO Dispatcher:34 - Supervisor B->2018-08-07T21:53:25.136Z->2018-08-07T21:53:33.141Z->Thread-2 8->8
2018-08-07 16:53:33,141  INFO Dispatcher:34 - Operator B->2018-08-07T21:53:25.136Z->2018-08-07T21:53:33.141Z->Thread-2 1->8
2018-08-07 16:53:34,140  INFO Dispatcher:34 - Director A->2018-08-07T21:53:25.136Z->2018-08-07T21:53:34.140Z->Thread-1 3->9
2018-08-07 16:53:35,137  INFO Dispatcher:34 - Operator E->2018-08-07T21:53:25.136Z->2018-08-07T21:53:35.137Z->Thread-2 6->10
2018-08-07 16:53:35,137  INFO Dispatcher:34 - Director B->2018-08-07T21:53:25.136Z->2018-08-07T21:53:35.137Z->Thread-1 11->10
2018-08-07 16:53:36,177  INFO Dispatcher:34 - Operator LEO->2018-08-07T21:53:30.175Z->2018-08-07T21:53:36.177Z->Thread-1 12->6
2018-08-07 16:53:37,144  INFO Dispatcher:34 - Operator D->2018-08-07T21:53:31.140Z->2018-08-07T21:53:37.144Z->Thread-1 13->6
2018-08-07 16:53:38,146  INFO Dispatcher:34 - Supervisor C->2018-08-07T21:53:32.142Z->2018-08-07T21:53:38.146Z->Thread-2 15->6
2018-08-07 16:53:39,144  INFO Dispatcher:34 - Operator C->2018-08-07T21:53:31.141Z->2018-08-07T21:53:39.144Z->Thread-2 10->8
2018-08-07 16:53:40,142  INFO Dispatcher:34 - Operator B->2018-08-07T21:53:34.141Z->2018-08-07T21:53:40.142Z->Thread-1 18->6
2018-08-07 16:53:40,145  INFO Dispatcher:34 - Operator A->2018-08-07T21:53:33.141Z->2018-08-07T21:53:40.145Z->Thread-1 14->7
2018-08-07 16:53:40,144  INFO Dispatcher:34 - Supervisor B->2018-08-07T21:53:33.142Z->2018-08-07T21:53:40.144Z->Thread-1 17->7
2018-08-07 16:53:41,142  INFO Dispatcher:34 - Supervisor A->2018-08-07T21:53:32.142Z->2018-08-07T21:53:41.142Z->Thread-2 16->9
2018-08-07 16:53:42,140  INFO Dispatcher:34 - Director A->2018-08-07T21:53:35.137Z->2018-08-07T21:53:42.140Z->Thread-1 19->7
2018-08-07 16:53:44,149  INFO Dispatcher:34 - Supervisor C->2018-08-07T21:53:39.145Z->2018-08-07T21:53:44.149Z->Thread-13 24->5
2018-08-07 16:53:44,149  INFO Dispatcher:34 - Operator LEO->2018-08-07T21:53:37.145Z->2018-08-07T21:53:44.149Z->Thread-13 22->7
2018-08-07 16:53:44,181  INFO Dispatcher:34 - Director B->2018-08-07T21:53:36.178Z->2018-08-07T21:53:44.181Z->Thread-13 21->8
2018-08-07 16:53:45,140  INFO Dispatcher:34 - Operator E->2018-08-07T21:53:35.137Z->2018-08-07T21:53:45.140Z->Thread-1 20->10
2018-08-07 16:53:46,152  INFO Dispatcher:34 - Operator C->2018-08-07T21:53:40.148Z->2018-08-07T21:53:46.152Z->Thread-13 25->6
2018-08-07 16:53:46,154  INFO Dispatcher:34 - Operator A->2018-08-07T21:53:40.154Z->2018-08-07T21:53:46.154Z->Thread-13 27->6
2018-08-07 16:53:47,148  INFO Dispatcher:34 - Operator D->2018-08-07T21:53:38.146Z->2018-08-07T21:53:47.148Z->Thread-13 23->9
2018-08-07 16:53:49,146  INFO Dispatcher:34 - Operator B->2018-08-07T21:53:41.143Z->2018-08-07T21:53:49.146Z->Thread-13 28->8
2018-08-07 16:53:49,153  INFO Dispatcher:34 - Supervisor B->2018-08-07T21:53:40.151Z->2018-08-07T21:53:49.153Z->Thread-13 26->9
2018-08-07 16:53:50,143  INFO Dispatcher:34 - Supervisor A->2018-08-07T21:53:42.140Z->2018-08-07T21:53:50.143Z->Thread-13 29->8
2018-08-07 16:53:51,152  INFO Dispatcher:34 - Director A->2018-08-07T21:53:44.149Z->2018-08-07T21:53:51.152Z->Thread-13 30->7
