2018-08-07 16:55:20,561  INFO Dispatcher:47 - INIT DISPATCHER
2018-08-07 16:55:25,626  INFO Dispatcher:34 - Operator B->2018-08-07T21:55:20.599Z->2018-08-07T21:55:25.626Z->Thread-2 3->5
2018-08-07 16:55:25,626  INFO Dispatcher:34 - Supervisor A->2018-08-07T21:55:20.598Z->2018-08-07T21:55:25.626Z->Thread-1 7->5
2018-08-07 16:55:26,602  INFO Dispatcher:34 - Operator A->2018-08-07T21:55:20.598Z->2018-08-07T21:55:26.602Z->Thread-2 2->6
2018-08-07 16:55:26,602  INFO Dispatcher:34 - Operator E->2018-08-07T21:55:20.598Z->2018-08-07T21:55:26.602Z->Thread-1 1->6
2018-08-07 16:55:27,602  INFO Dispatcher:34 - Operator D->2018-08-07T21:55:20.599Z->2018-08-07T21:55:27.602Z->Thread-2 5->7
2018-08-07 16:55:28,604  INFO Dispatcher:34 - Operator C->2018-08-07T21:55:20.599Z->2018-08-07T21:55:28.604Z->Thread-2 4->8
2018-08-07 16:55:28,604  INFO Dispatcher:34 - Director A->2018-08-07T21:55:20.599Z->2018-08-07T21:55:28.604Z->Thread-1 10->8
2018-08-07 16:55:29,603  INFO Dispatcher:34 - Director B->2018-08-07T21:55:20.599Z->2018-08-07T21:55:29.603Z->Thread-1 11->9
2018-08-07 16:55:30,604  INFO Dispatcher:34 - Supervisor B->2018-08-07T21:55:20.599Z->2018-08-07T21:55:30.604Z->Thread-1 8->10
2018-08-07 16:55:30,604  INFO Dispatcher:34 - Supervisor C->2018-08-07T21:55:20.598Z->2018-08-07T21:55:30.604Z->Thread-1 9->10
2018-08-07 16:55:30,630  INFO Dispatcher:34 - Operator LEO->2018-08-07T21:55:25.626Z->2018-08-07T21:55:30.630Z->Thread-1 12->5
2018-08-07 16:55:32,607  INFO Dispatcher:34 - Operator A->2018-08-07T21:55:26.603Z->2018-08-07T21:55:32.607Z->Thread-1 15->6
2018-08-07 16:55:33,632  INFO Dispatcher:34 - Operator B->2018-08-07T21:55:25.629Z->2018-08-07T21:55:33.632Z->Thread-1 13->8
2018-08-07 16:55:34,607  INFO Dispatcher:34 - Operator E->2018-08-07T21:55:27.603Z->2018-08-07T21:55:34.607Z->Thread-2 6->7
2018-08-07 16:55:34,607  INFO Dispatcher:34 - Director A->2018-08-07T21:55:29.604Z->2018-08-07T21:55:34.607Z->Thread-2 18->5
2018-08-07 16:55:34,607  INFO Dispatcher:34 - Operator C->2018-08-07T21:55:28.604Z->2018-08-07T21:55:34.607Z->Thread-2 17->6
2018-08-07 16:55:35,607  INFO Dispatcher:34 - Supervisor A->2018-08-07T21:55:26.602Z->2018-08-07T21:55:35.607Z->Thread-1 14->9
2018-08-07 16:55:35,631  INFO Dispatcher:34 - Supervisor C->2018-08-07T21:55:30.630Z->2018-08-07T21:55:35.630Z->Thread-13 21->5
2018-08-07 16:55:36,606  INFO Dispatcher:34 - Operator D->2018-08-07T21:55:28.604Z->2018-08-07T21:55:36.605Z->Thread-2 16->8
2018-08-07 16:55:37,608  INFO Dispatcher:34 - Director B->2018-08-07T21:55:30.605Z->2018-08-07T21:55:37.608Z->Thread-2 19->7
2018-08-07 16:55:38,611  INFO Dispatcher:34 - Operator LEO->2018-08-07T21:55:32.608Z->2018-08-07T21:55:38.611Z->Thread-13 22->6
2018-08-07 16:55:38,635  INFO Dispatcher:34 - Operator A->2018-08-07T21:55:33.633Z->2018-08-07T21:55:38.635Z->Thread-13 23->5
2018-08-07 16:55:39,605  INFO Dispatcher:34 - Supervisor B->2018-08-07T21:55:30.605Z->2018-08-07T21:55:39.605Z->Thread-2 20->9
2018-08-07 16:55:40,298  INFO Dispatcher:47 - INIT DISPATCHER
2018-08-07 16:55:40,616  INFO Dispatcher:34 - Director A->2018-08-07T21:55:34.612Z->2018-08-07T21:55:40.616Z->Thread-13 26->6
2018-08-07 16:55:41,609  INFO Dispatcher:34 - Operator B->2018-08-07T21:55:34.607Z->2018-08-07T21:55:41.609Z->Thread-13 24->7
2018-08-07 16:55:42,609  INFO Dispatcher:34 - Supervisor C->2018-08-07T21:55:36.606Z->2018-08-07T21:55:42.609Z->Thread-13 29->6
2018-08-07 16:55:42,635  INFO Dispatcher:34 - Supervisor A->2018-08-07T21:55:35.631Z->2018-08-07T21:55:42.635Z->Thread-13 28->7
2018-08-07 16:55:43,612  INFO Dispatcher:34 - Operator E->2018-08-07T21:55:34.612Z->2018-08-07T21:55:43.612Z->Thread-13 25->9
2018-08-07 16:55:44,611  INFO Dispatcher:34 - Operator C->2018-08-07T21:55:35.607Z->2018-08-07T21:55:44.611Z->Thread-13 27->9
2018-08-07 16:55:45,357  INFO Dispatcher:34 - Supervisor A->2018-08-07T21:55:40.325Z->2018-08-07T21:55:45.357Z->Thread-1 7->5
2018-08-07 16:55:46,329  INFO Dispatcher:34 - Operator D->2018-08-07T21:55:40.325Z->2018-08-07T21:55:46.329Z->Thread-1 5->6
2018-08-07 16:55:46,329  INFO Dispatcher:34 - Supervisor C->2018-08-07T21:55:40.325Z->2018-08-07T21:55:46.329Z->Thread-2 9->6
2018-08-07 16:55:46,608  INFO Dispatcher:34 - Operator D->2018-08-07T21:55:37.608Z->2018-08-07T21:55:46.608Z->Thread-13 30->9
2018-08-07 16:55:47,329  INFO Dispatcher:34 - Operator A->2018-08-07T21:55:40.325Z->2018-08-07T21:55:47.329Z->Thread-1 1->7
2018-08-07 16:55:48,327  INFO Dispatcher:34 - Director B->2018-08-07T21:55:40.325Z->2018-08-07T21:55:48.327Z->Thread-2 11->8
2018-08-07 16:55:48,327  INFO Dispatcher:34 - Operator E->2018-08-07T21:55:40.325Z->2018-08-07T21:55:48.327Z->Thread-1 6->8
2018-08-07 16:55:49,329  INFO Dispatcher:34 - Director A->2018-08-07T21:55:40.325Z->2018-08-07T21:55:49.329Z->Thread-2 10->9
2018-08-07 16:55:50,327  INFO Dispatcher:34 - Operator C->2018-08-07T21:55:40.325Z->2018-08-07T21:55:50.327Z->Thread-1 4->10
2018-08-07 16:55:50,328  INFO Dispatcher:34 - Supervisor B->2018-08-07T21:55:40.325Z->2018-08-07T21:55:50.328Z->Thread-2 2->10
2018-08-07 16:55:50,328  INFO Dispatcher:34 - Operator B->2018-08-07T21:55:40.325Z->2018-08-07T21:55:50.327Z->Thread-1 3->10
2018-08-07 16:55:52,360  INFO Dispatcher:34 - Operator LEO->2018-08-07T21:55:45.357Z->2018-08-07T21:55:52.360Z->Thread-1 8->7
2018-08-07 16:55:55,331  INFO Dispatcher:34 - Director B->2018-08-07T21:55:48.327Z->2018-08-07T21:55:55.331Z->Thread-2 16->7
2018-08-07 16:55:55,332  INFO Dispatcher:34 - Operator C->2018-08-07T21:55:50.328Z->2018-08-07T21:55:55.332Z->Thread-2 19->5
2018-08-07 16:55:55,332  INFO Dispatcher:34 - Operator E->2018-08-07T21:55:49.330Z->2018-08-07T21:55:55.332Z->Thread-2 17->6
2018-08-07 16:55:55,336  INFO Dispatcher:34 - Supervisor A->2018-08-07T21:55:46.333Z->2018-08-07T21:55:55.336Z->Thread-1 13->9
2018-08-07 16:55:56,329  INFO Dispatcher:34 - Director A->2018-08-07T21:55:50.328Z->2018-08-07T21:55:56.329Z->Thread-2 18->6
2018-08-07 16:55:56,329  INFO Dispatcher:34 - Operator A->2018-08-07T21:55:48.327Z->2018-08-07T21:55:56.329Z->Thread-2 12->8
2018-08-07 16:55:56,338  INFO Dispatcher:34 - Operator D->2018-08-07T21:55:46.333Z->2018-08-07T21:55:56.338Z->Thread-1 14->10
2018-08-07 16:55:57,331  INFO Dispatcher:34 - Supervisor C->2018-08-07T21:55:47.329Z->2018-08-07T21:55:57.331Z->Thread-1 15->10
2018-08-07 16:55:57,364  INFO Dispatcher:34 - Operator B->2018-08-07T21:55:52.360Z->2018-08-07T21:55:57.364Z->Thread-13 21->5
2018-08-07 16:56:00,328  INFO Dispatcher:34 - Supervisor B->2018-08-07T21:55:50.328Z->2018-08-07T21:56:00.328Z->Thread-2 20->10
2018-08-07 16:56:00,335  INFO Dispatcher:34 - Director B->2018-08-07T21:55:55.332Z->2018-08-07T21:56:00.335Z->Thread-13 23->5
2018-08-07 16:56:00,344  INFO Dispatcher:34 - Operator E->2018-08-07T21:55:55.339Z->2018-08-07T21:56:00.344Z->Thread-13 25->5
2018-08-07 16:56:01,334  INFO Dispatcher:34 - Supervisor A->2018-08-07T21:55:56.330Z->2018-08-07T21:56:01.334Z->Thread-13 26->5
2018-08-07 16:56:03,333  INFO Dispatcher:34 - Director A->2018-08-07T21:55:56.330Z->2018-08-07T21:56:03.333Z->Thread-13 27->7
2018-08-07 16:56:04,334  INFO Dispatcher:34 - Operator C->2018-08-07T21:55:55.333Z->2018-08-07T21:56:04.334Z->Thread-13 24->9
2018-08-07 16:56:04,339  INFO Dispatcher:34 - Operator A->2018-08-07T21:55:56.338Z->2018-08-07T21:56:04.339Z->Thread-13 28->8
2018-08-07 16:56:05,336  INFO Dispatcher:34 - Operator D->2018-08-07T21:55:57.331Z->2018-08-07T21:56:05.335Z->Thread-13 29->8
2018-08-07 16:56:05,337  INFO Dispatcher:34 - Operator LEO->2018-08-07T21:55:55.332Z->2018-08-07T21:56:05.337Z->Thread-13 22->10
2018-08-07 16:56:05,368  INFO Dispatcher:34 - Supervisor C->2018-08-07T21:55:57.364Z->2018-08-07T21:56:05.368Z->Thread-13 30->8
2018-08-07 16:56:39,920  INFO Dispatcher:47 - INIT DISPATCHER
2018-08-07 16:56:44,984  INFO Dispatcher:34 - Operator C->2018-08-07T21:56:39.955Z->2018-08-07T21:56:44.984Z->Thread-2 4->5
2018-08-07 16:56:45,958  INFO Dispatcher:34 - Operator D->2018-08-07T21:56:39.955Z->2018-08-07T21:56:45.958Z->Thread-1 3->6
2018-08-07 16:56:46,958  INFO Dispatcher:34 - Supervisor A->2018-08-07T21:56:39.955Z->2018-08-07T21:56:46.958Z->Thread-1 7->7
2018-08-07 16:56:46,958  INFO Dispatcher:34 - Operator E->2018-08-07T21:56:39.955Z->2018-08-07T21:56:46.958Z->Thread-1 6->7
2018-08-07 16:56:46,958  INFO Dispatcher:34 - Director A->2018-08-07T21:56:39.954Z->2018-08-07T21:56:46.958Z->Thread-1 10->7
2018-08-07 16:56:47,956  INFO Dispatcher:34 - Operator A->2018-08-07T21:56:39.954Z->2018-08-07T21:56:47.956Z->Thread-1 1->8
2018-08-07 16:56:47,956  INFO Dispatcher:34 - Operator B->2018-08-07T21:56:39.955Z->2018-08-07T21:56:47.956Z->Thread-2 2->8
2018-08-07 16:56:47,956  INFO Dispatcher:34 - Supervisor C->2018-08-07T21:56:39.954Z->2018-08-07T21:56:47.956Z->Thread-1 9->8
2018-08-07 16:56:47,956  INFO Dispatcher:34 - Director B->2018-08-07T21:56:39.955Z->2018-08-07T21:56:47.956Z->Thread-1 11->8
2018-08-07 16:56:47,956  INFO Dispatcher:34 - Supervisor B->2018-08-07T21:56:39.954Z->2018-08-07T21:56:47.956Z->Thread-1 8->8
2018-08-07 16:56:51,967  INFO Dispatcher:34 - Operator C->2018-08-07T21:56:45.963Z->2018-08-07T21:56:51.967Z->Thread-1 13->6
2018-08-07 16:56:52,960  INFO Dispatcher:34 - Operator A->2018-08-07T21:56:47.956Z->2018-08-07T21:56:52.960Z->Thread-2 17->5
2018-08-07 16:56:52,987  INFO Dispatcher:34 - Operator LEO->2018-08-07T21:56:44.984Z->2018-08-07T21:56:52.987Z->Thread-1 12->8
2018-08-07 16:56:53,960  INFO Dispatcher:34 - Operator E->2018-08-07T21:56:46.959Z->2018-08-07T21:56:53.960Z->Thread-2 15->7
2018-08-07 16:56:53,960  INFO Dispatcher:34 - Director A->2018-08-07T21:56:47.956Z->2018-08-07T21:56:53.960Z->Thread-2 16->6
2018-08-07 16:56:55,957  INFO Dispatcher:34 - Supervisor C->2018-08-07T21:56:47.957Z->2018-08-07T21:56:55.957Z->Thread-2 19->8
2018-08-07 16:56:55,961  INFO Dispatcher:34 - Operator D->2018-08-07T21:56:46.958Z->2018-08-07T21:56:55.961Z->Thread-2 5->9
2018-08-07 16:56:56,956  INFO Dispatcher:34 - Operator B->2018-08-07T21:56:47.957Z->2018-08-07T21:56:56.956Z->Thread-2 18->9
2018-08-07 16:56:56,958  INFO Dispatcher:34 - Supervisor A->2018-08-07T21:56:46.958Z->2018-08-07T21:56:56.958Z->Thread-2 14->10
2018-08-07 16:56:57,958  INFO Dispatcher:34 - Director B->2018-08-07T21:56:47.957Z->2018-08-07T21:56:57.958Z->Thread-2 20->10
2018-08-07 16:56:57,970  INFO Dispatcher:34 - Supervisor B->2018-08-07T21:56:51.967Z->2018-08-07T21:56:57.970Z->Thread-13 21->6
2018-08-07 16:56:57,987  INFO Dispatcher:34 - Operator A->2018-08-07T21:56:52.987Z->2018-08-07T21:56:57.987Z->Thread-13 23->5
2018-08-07 16:56:58,962  INFO Dispatcher:34 - Operator LEO->2018-08-07T21:56:53.961Z->2018-08-07T21:56:58.962Z->Thread-13 24->5
2018-08-07 16:57:01,957  INFO Dispatcher:34 - Supervisor C->2018-08-07T21:56:56.957Z->2018-08-07T21:57:01.957Z->Thread-13 28->5
2018-08-07 16:57:01,967  INFO Dispatcher:34 - Operator E->2018-08-07T21:56:53.963Z->2018-08-07T21:57:01.967Z->Thread-13 25->8
2018-08-07 16:57:02,959  INFO Dispatcher:34 - Operator B->2018-08-07T21:56:56.958Z->2018-08-07T21:57:02.959Z->Thread-13 29->6
2018-08-07 16:57:02,961  INFO Dispatcher:34 - Operator C->2018-08-07T21:56:52.960Z->2018-08-07T21:57:02.961Z->Thread-13 22->10
2018-08-07 16:57:03,962  INFO Dispatcher:34 - Director A->2018-08-07T21:56:55.957Z->2018-08-07T21:57:03.962Z->Thread-13 26->8
2018-08-07 16:57:04,961  INFO Dispatcher:34 - Supervisor A->2018-08-07T21:56:57.959Z->2018-08-07T21:57:04.961Z->Thread-13 30->7
2018-08-07 16:57:04,966  INFO Dispatcher:34 - Operator D->2018-08-07T21:56:55.962Z->2018-08-07T21:57:04.965Z->Thread-13 27->9
2018-08-07 16:58:41,806  INFO Dispatcher:45 - INIT DISPATCHER
2018-08-07 16:58:46,807  INFO Dispatcher:72 - CLEANING DISPATCHER
2018-08-07 16:58:46,864  INFO Dispatcher:34 - Director B->2018-08-07T21:58:41.834Z->2018-08-07T21:58:46.864Z->Thread-2 11->5
2018-08-07 16:58:46,864  INFO Dispatcher:34 - Supervisor A->2018-08-07T21:58:41.833Z->2018-08-07T21:58:46.864Z->Thread-2 7->5
2018-08-07 16:58:47,839  INFO Dispatcher:34 - Operator A->2018-08-07T21:58:41.833Z->2018-08-07T21:58:47.839Z->Thread-2 2->6
2018-08-07 16:58:47,839  INFO Dispatcher:34 - Operator C->2018-08-07T21:58:41.834Z->2018-08-07T21:58:47.839Z->Thread-2 4->6
2018-08-07 16:58:50,839  INFO Dispatcher:34 - Director A->2018-08-07T21:58:41.834Z->2018-08-07T21:58:50.839Z->Thread-2 10->9
2018-08-07 16:58:50,839  INFO Dispatcher:34 - Operator E->2018-08-07T21:58:41.833Z->2018-08-07T21:58:50.839Z->Thread-2 6->9
2018-08-07 16:58:50,839  INFO Dispatcher:34 - Operator D->2018-08-07T21:58:41.833Z->2018-08-07T21:58:50.839Z->Thread-2 5->9
2018-08-07 16:58:51,839  INFO Dispatcher:34 - Operator B->2018-08-07T21:58:41.834Z->2018-08-07T21:58:51.839Z->Thread-2 3->10
2018-08-07 16:58:51,839  INFO Dispatcher:34 - Supervisor B->2018-08-07T21:58:41.834Z->2018-08-07T21:58:51.839Z->Thread-2 8->10
2018-08-07 16:58:51,839  INFO Dispatcher:34 - Supervisor C->2018-08-07T21:58:41.834Z->2018-08-07T21:58:51.839Z->Thread-2 9->10
2018-08-07 16:58:53,843  INFO Dispatcher:34 - Supervisor A->2018-08-07T21:58:47.839Z->2018-08-07T21:58:53.843Z->Thread-1 13->6
2018-08-07 16:58:53,872  INFO Dispatcher:34 - Director B->2018-08-07T21:58:46.868Z->2018-08-07T21:58:53.872Z->Thread-1 12->7
2018-08-07 16:58:54,843  INFO Dispatcher:34 - Operator A->2018-08-07T21:58:47.840Z->2018-08-07T21:58:54.843Z->Thread-1 14->7
2018-08-07 16:58:55,845  INFO Dispatcher:34 - Director A->2018-08-07T21:58:50.840Z->2018-08-07T21:58:55.845Z->Thread-1 16->5
2018-08-07 16:58:55,845  INFO Dispatcher:34 - Operator E->2018-08-07T21:58:50.840Z->2018-08-07T21:58:55.845Z->Thread-1 17->5
2018-08-07 16:58:55,866  INFO Dispatcher:34 - Operator LEO->2018-08-07T21:58:46.864Z->2018-08-07T21:58:55.866Z->Thread-1 1->9
2018-08-07 16:58:58,842  INFO Dispatcher:34 - Operator D->2018-08-07T21:58:51.840Z->2018-08-07T21:58:58.842Z->Thread-1 18->7
2018-08-07 16:58:58,844  INFO Dispatcher:34 - Supervisor C->2018-08-07T21:58:53.843Z->2018-08-07T21:58:58.844Z->Thread-13 21->5
2018-08-07 16:58:59,841  INFO Dispatcher:34 - Operator C->2018-08-07T21:58:50.840Z->2018-08-07T21:58:59.841Z->Thread-1 15->9
2018-08-07 16:58:59,844  INFO Dispatcher:34 - Director B->2018-08-07T21:58:54.844Z->2018-08-07T21:58:59.844Z->Thread-13 23->5
2018-08-07 16:59:00,844  INFO Dispatcher:34 - Operator B->2018-08-07T21:58:51.840Z->2018-08-07T21:59:00.844Z->Thread-1 19->9
2018-08-07 16:59:00,844  INFO Dispatcher:34 - Supervisor B->2018-08-07T21:58:51.840Z->2018-08-07T21:59:00.844Z->Thread-1 20->9
2018-08-07 16:59:00,852  INFO Dispatcher:34 - Director A->2018-08-07T21:58:55.849Z->2018-08-07T21:59:00.851Z->Thread-13 25->5
2018-08-07 16:59:00,873  INFO Dispatcher:34 - Supervisor A->2018-08-07T21:58:53.873Z->2018-08-07T21:59:00.873Z->Thread-13 22->7
2018-08-07 16:59:02,853  INFO Dispatcher:34 - Operator A->2018-08-07T21:58:55.849Z->2018-08-07T21:59:02.853Z->Thread-13 24->7
2018-08-07 16:59:04,846  INFO Dispatcher:34 - Supervisor C->2018-08-07T21:58:59.842Z->2018-08-07T21:59:04.846Z->Thread-13 29->5
2018-08-07 16:59:05,847  INFO Dispatcher:34 - Operator C->2018-08-07T21:58:59.844Z->2018-08-07T21:59:05.847Z->Thread-13 30->6
2018-08-07 16:59:05,867  INFO Dispatcher:34 - Operator E->2018-08-07T21:58:55.866Z->2018-08-07T21:59:05.867Z->Thread-13 26->10
2018-08-07 16:59:07,847  INFO Dispatcher:34 - Operator D->2018-08-07T21:58:58.844Z->2018-08-07T21:59:07.846Z->Thread-13 28->9
2018-08-07 16:59:07,847  INFO Dispatcher:34 - Operator LEO->2018-08-07T21:58:58.842Z->2018-08-07T21:59:07.846Z->Thread-13 27->9
2018-08-07 17:07:32,253  INFO Dispatcher:48 - INIT DISPATCHER
2018-08-07 17:07:38,312  INFO Dispatcher:36 - Director B	Start 2018-08-07T22:07:32.281Z	End 2018-08-07T22:07:38.311Z	Caller Thread-1 11	Duration6
2018-08-07 17:07:39,285  INFO Dispatcher:36 - Operator B	Start 2018-08-07T22:07:32.281Z	End 2018-08-07T22:07:39.285Z	Caller Thread-1 1	Duration7
2018-08-07 17:07:40,285  INFO Dispatcher:36 - Supervisor B	Start 2018-08-07T22:07:32.281Z	End 2018-08-07T22:07:40.285Z	Caller Thread-1 8	Duration8
2018-08-07 17:07:40,285  INFO Dispatcher:36 - Operator C	Start 2018-08-07T22:07:32.281Z	End 2018-08-07T22:07:40.285Z	Caller Thread-1 4	Duration8
2018-08-07 17:07:40,286  INFO Dispatcher:36 - Operator E	Start 2018-08-07T22:07:32.281Z	End 2018-08-07T22:07:40.286Z	Caller Thread-1 6	Duration8
2018-08-07 17:07:41,286  INFO Dispatcher:36 - Operator A	Start 2018-08-07T22:07:32.281Z	End 2018-08-07T22:07:41.286Z	Caller Thread-2 2	Duration9
2018-08-07 17:07:41,286  INFO Dispatcher:36 - Operator D	Start 2018-08-07T22:07:32.281Z	End 2018-08-07T22:07:41.286Z	Caller Thread-1 5	Duration9
2018-08-07 17:07:42,286  INFO Dispatcher:36 - Director A	Start 2018-08-07T22:07:32.281Z	End 2018-08-07T22:07:42.286Z	Caller Thread-1 10	Duration10
2018-08-07 17:07:42,286  INFO Dispatcher:36 - Supervisor A	Start 2018-08-07T22:07:32.281Z	End 2018-08-07T22:07:42.286Z	Caller Thread-1 7	Duration10
2018-08-07 17:07:42,286  INFO Dispatcher:36 - Supervisor C	Start 2018-08-07T22:07:32.281Z	End 2018-08-07T22:07:42.286Z	Caller Thread-1 9	Duration10
2018-08-07 17:07:46,287  INFO Dispatcher:36 - Operator B	Start 2018-08-07T22:07:40.285Z	End 2018-08-07T22:07:46.287Z	Caller Thread-2 13	Duration6
2018-08-07 17:07:46,290  INFO Dispatcher:36 - Operator A	Start 2018-08-07T22:07:41.287Z	End 2018-08-07T22:07:46.290Z	Caller Thread-2 17	Duration5
2018-08-07 17:07:46,295  INFO Dispatcher:36 - Operator C	Start 2018-08-07T22:07:40.291Z	End 2018-08-07T22:07:46.295Z	Caller Thread-2 15	Duration6
2018-08-07 17:07:46,314  INFO Dispatcher:36 - Operator LEO	Start 2018-08-07T22:07:38.312Z	End 2018-08-07T22:07:46.314Z	Caller Thread-1 12	Duration8
2018-08-07 17:07:47,291  INFO Dispatcher:36 - Operator E	Start 2018-08-07T22:07:41.286Z	End 2018-08-07T22:07:47.291Z	Caller Thread-2 16	Duration6
2018-08-07 17:07:48,289  INFO Dispatcher:36 - Director B	Start 2018-08-07T22:07:39.289Z	End 2018-08-07T22:07:48.289Z	Caller Thread-2 3	Duration9
2018-08-07 17:07:48,289  INFO Dispatcher:36 - Director A	Start 2018-08-07T22:07:42.287Z	End 2018-08-07T22:07:48.289Z	Caller Thread-2 19	Duration6
2018-08-07 17:07:49,287  INFO Dispatcher:36 - Operator D	Start 2018-08-07T22:07:42.286Z	End 2018-08-07T22:07:49.287Z	Caller Thread-2 18	Duration7
2018-08-07 17:07:49,292  INFO Dispatcher:36 - Supervisor B	Start 2018-08-07T22:07:40.291Z	End 2018-08-07T22:07:49.292Z	Caller Thread-2 14	Duration9
2018-08-07 17:07:51,289  INFO Dispatcher:36 - Supervisor A	Start 2018-08-07T22:07:42.288Z	End 2018-08-07T22:07:51.289Z	Caller Thread-2 20	Duration9
2018-08-07 17:07:52,292  INFO Dispatcher:36 - Operator B	Start 2018-08-07T22:07:46.290Z	End 2018-08-07T22:07:52.292Z	Caller Thread-13 22	Duration6
2018-08-07 17:07:54,293  INFO Dispatcher:36 - Operator E	Start 2018-08-07T22:07:48.289Z	End 2018-08-07T22:07:54.293Z	Caller Thread-13 26	Duration6
2018-08-07 17:07:54,293  INFO Dispatcher:36 - Director A	Start 2018-08-07T22:07:48.290Z	End 2018-08-07T22:07:54.293Z	Caller Thread-13 27	Duration6
2018-08-07 17:07:54,296  INFO Dispatcher:36 - Operator LEO	Start 2018-08-07T22:07:47.294Z	End 2018-08-07T22:07:54.296Z	Caller Thread-13 25	Duration7
2018-08-07 17:07:54,297  INFO Dispatcher:36 - Operator A	Start 2018-08-07T22:07:46.295Z	End 2018-08-07T22:07:54.297Z	Caller Thread-13 23	Duration8
2018-08-07 17:07:55,289  INFO Dispatcher:36 - Supervisor C	Start 2018-08-07T22:07:46.287Z	End 2018-08-07T22:07:55.289Z	Caller Thread-13 21	Duration9
2018-08-07 17:07:56,293  INFO Dispatcher:36 - Operator D	Start 2018-08-07T22:07:49.292Z	End 2018-08-07T22:07:56.292Z	Caller Thread-13 29	Duration7
2018-08-07 17:07:56,317  INFO Dispatcher:36 - Operator C	Start 2018-08-07T22:07:46.314Z	End 2018-08-07T22:07:56.317Z	Caller Thread-13 24	Duration10
2018-08-07 17:07:58,291  INFO Dispatcher:36 - Director B	Start 2018-08-07T22:07:49.288Z	End 2018-08-07T22:07:58.291Z	Caller Thread-13 28	Duration9
2018-08-07 17:08:00,292  INFO Dispatcher:36 - Supervisor B	Start 2018-08-07T22:07:51.290Z	End 2018-08-07T22:08:00.292Z	Caller Thread-13 30	Duration9
